cd ../Maze && mvn package
[INFO] Scanning for projects...
[INFO]                                                                         
[INFO] ------------------------------------------------------------------------
[INFO] Building Maze 1.0
[INFO] ------------------------------------------------------------------------
Downloading: https://repo.maven.apache.org/maven2/org/apache/maven/plugins/maven-surefire-plugin/2.22.0/maven-surefire-plugin-2.22.0.pom
2/5 KB   3/5 KB   5/5 KB   5/5 KB            Downloaded: https://repo.maven.apache.org/maven2/org/apache/maven/plugins/maven-surefire-plugin/2.22.0/maven-surefire-plugin-2.22.0.pom (5 KB at 19.8 KB/sec)
Downloading: https://repo.maven.apache.org/maven2/org/apache/maven/surefire/surefire/2.22.0/surefire-2.22.0.pom
2/27 KB   3/27 KB   5/27 KB   6/27 KB   7/27 KB   9/27 KB   10/27 KB   11/27 KB   13/27 KB   14/27 KB   15/27 KB   17/27 KB   18/27 KB   19/27 KB   21/27 KB   22/27 KB   23/27 KB   25/27 KB   26/27 KB   27/27 KB              Downloaded: https://repo.maven.apache.org/maven2/org/apache/maven/surefire/surefire/2.22.0/surefire-2.22.0.pom (27 KB at 889.7 KB/sec)
Downloading: https://repo.maven.apache.org/maven2/org/apache/maven/plugins/maven-surefire-plugin/2.22.0/maven-surefire-plugin-2.22.0.jar
2/40 KB    3/40 KB   5/40 KB   6/40 KB   7/40 KB   9/40 KB   10/40 KB   11/40 KB   13/40 KB   14/40 KB   15/40 KB   16/40 KB   20/40 KB   24/40 KB   28/40 KB   32/40 KB   36/40 KB   40/40 KB   40/40 KB              Downloaded: https://repo.maven.apache.org/maven2/org/apache/maven/plugins/maven-surefire-plugin/2.22.0/maven-surefire-plugin-2.22.0.jar (40 KB at 1242.2 KB/sec)
Downloading: https://repo.maven.apache.org/maven2/org/junit/jupiter/junit-jupiter-engine/5.3.1/junit-jupiter-engine-5.3.1.pom
3/3 KB              Downloaded: https://repo.maven.apache.org/maven2/org/junit/jupiter/junit-jupiter-engine/5.3.1/junit-jupiter-engine-5.3.1.pom (3 KB at 106.3 KB/sec)
Downloading: https://repo.maven.apache.org/maven2/org/junit/platform/junit-platform-engine/1.3.1/junit-platform-engine-1.3.1.pom
3/3 KB            Downloaded: https://repo.maven.apache.org/maven2/org/junit/platform/junit-platform-engine/1.3.1/junit-platform-engine-1.3.1.pom (3 KB at 63.2 KB/sec)
Downloading: https://repo.maven.apache.org/maven2/org/junit/platform/junit-platform-commons/1.3.1/junit-platform-commons-1.3.1.pom
2/2 KB            Downloaded: https://repo.maven.apache.org/maven2/org/junit/platform/junit-platform-commons/1.3.1/junit-platform-commons-1.3.1.pom (2 KB at 98.7 KB/sec)
Downloading: https://repo.maven.apache.org/maven2/org/opentest4j/opentest4j/1.1.1/opentest4j-1.1.1.pom
2/2 KB            Downloaded: https://repo.maven.apache.org/maven2/org/opentest4j/opentest4j/1.1.1/opentest4j-1.1.1.pom (2 KB at 74.7 KB/sec)
Downloading: https://repo.maven.apache.org/maven2/org/junit/jupiter/junit-jupiter-api/5.3.1/junit-jupiter-api-5.3.1.pom
3/3 KB            Downloaded: https://repo.maven.apache.org/maven2/org/junit/jupiter/junit-jupiter-api/5.3.1/junit-jupiter-api-5.3.1.pom (3 KB at 100.9 KB/sec)
Downloading: https://repo.maven.apache.org/maven2/org/codehaus/jackson/jackson-mapper-asl/1.5.0/jackson-mapper-asl-1.5.0.pom
2/2 KB            Downloaded: https://repo.maven.apache.org/maven2/org/codehaus/jackson/jackson-mapper-asl/1.5.0/jackson-mapper-asl-1.5.0.pom (2 KB at 55.1 KB/sec)
Downloading: https://repo.maven.apache.org/maven2/org/codehaus/jackson/jackson-core-asl/1.5.0/jackson-core-asl-1.5.0.pom
1016/1016 B                 Downloaded: https://repo.maven.apache.org/maven2/org/codehaus/jackson/jackson-core-asl/1.5.0/jackson-core-asl-1.5.0.pom (1016 B at 27.6 KB/sec)
Downloading: https://repo.maven.apache.org/maven2/org/junit/jupiter/junit-jupiter-engine/5.3.1/junit-jupiter-engine-5.3.1.jar
Downloading: https://repo.maven.apache.org/maven2/org/junit/platform/junit-platform-engine/1.3.1/junit-platform-engine-1.3.1.jar
Downloading: https://repo.maven.apache.org/maven2/org/opentest4j/opentest4j/1.1.1/opentest4j-1.1.1.jar
Downloading: https://repo.maven.apache.org/maven2/org/junit/jupiter/junit-jupiter-api/5.3.1/junit-jupiter-api-5.3.1.jar
Downloading: https://repo.maven.apache.org/maven2/org/junit/platform/junit-platform-commons/1.3.1/junit-platform-commons-1.3.1.jar
4/147 KB      8/147 KB   12/147 KB   16/147 KB   20/147 KB   24/147 KB   28/147 KB   32/147 KB   36/147 KB   40/147 KB   44/147 KB   48/147 KB   52/147 KB   56/147 KB   60/147 KB   64/147 KB   68/147 KB   72/147 KB   76/147 KB   80/147 KB   84/147 KB   88/147 KB   92/147 KB   96/147 KB   100/147 KB   104/147 KB   108/147 KB   112/147 KB   2/132 KB   112/147 KB   4/77 KB   2/132 KB   112/147 KB   4/77 KB   2/132 KB   4/113 KB   112/147 KB   4/77 KB   3/132 KB   4/113 KB   112/147 KB   4/77 KB   5/132 KB   4/113 KB   112/147 KB   8/77 KB   5/132 KB   4/113 KB   112/147 KB   8/77 KB   6/132 KB   4/113 KB   112/147 KB   12/77 KB   6/132 KB   4/113 KB   112/147 KB   12/77 KB   7/132 KB   4/113 KB   112/147 KB   16/77 KB   7/132 KB   4/113 KB   112/147 KB   16/77 KB   9/132 KB   4/113 KB   112/147 KB   16/77 KB   9/132 KB   4/113 KB   112/147 KB   2/7 KB   16/77 KB   10/132 KB   4/113 KB   112/147 KB   2/7 KB   16/77 KB   11/132 KB   4/113 KB   112/147 KB   2/7 KB   16/77 KB   13/132 KB   4/113 KB   112/147 KB   2/7 KB   16/77 KB   14/132 KB   4/113 KB   112/147 KB   2/7 KB   20/77 KB   14/132 KB   4/113 KB   112/147 KB   2/7 KB   20/77 KB   14/132 KB   4/113 KB   112/147 KB   3/7 KB   20/77 KB   15/132 KB   4/113 KB   112/147 KB   3/7 KB   24/77 KB   15/132 KB   4/113 KB   112/147 KB   3/7 KB   28/77 KB   15/132 KB   4/113 KB   112/147 KB   3/7 KB   28/77 KB   16/132 KB   4/113 KB   112/147 KB   3/7 KB   28/77 KB   16/132 KB   4/113 KB   112/147 KB   5/7 KB   32/77 KB   16/132 KB   4/113 KB   112/147 KB   5/7 KB   32/77 KB   16/132 KB   4/113 KB   112/147 KB   6/7 KB   32/77 KB   16/132 KB   4/113 KB   112/147 KB   7/7 KB   32/77 KB   16/132 KB   4/113 KB   112/147 KB   7/7 KB   36/77 KB   16/132 KB   4/113 KB   112/147 KB   7/7 KB   40/77 KB   16/132 KB   4/113 KB   112/147 KB   7/7 KB   44/77 KB   16/132 KB   4/113 KB   112/147 KB   7/7 KB   48/77 KB   16/132 KB   4/113 KB   112/147 KB   7/7 KB   48/77 KB   16/132 KB   8/113 KB   112/147 KB   7/7 KB   48/77 KB   16/132 KB   12/113 KB   112/147 KB   7/7 KB   48/77 KB   16/132 KB   16/113 KB   112/147 KB   7/7 KB   48/77 KB   16/132 KB   20/113 KB   112/147 KB   7/7 KB   48/77 KB   16/132 KB   24/113 KB   112/147 KB   7/7 KB   48/77 KB   16/132 KB   28/113 KB   112/147 KB   7/7 KB   48/77 KB   16/132 KB   32/113 KB   112/147 KB   7/7 KB   48/77 KB   20/132 KB   32/113 KB   112/147 KB   7/7 KB   48/77 KB   24/132 KB   32/113 KB   112/147 KB   7/7 KB   48/77 KB   28/132 KB   32/113 KB   112/147 KB   7/7 KB   48/77 KB   32/132 KB   32/113 KB   112/147 KB   7/7 KB   48/77 KB   32/132 KB   36/113 KB   112/147 KB   7/7 KB   52/77 KB   32/132 KB   36/113 KB   112/147 KB   7/7 KB   52/77 KB   32/132 KB   40/113 KB   112/147 KB   7/7 KB   56/77 KB   32/132 KB   40/113 KB   112/147 KB   7/7 KB   56/77 KB   36/132 KB   40/113 KB   112/147 KB   7/7 KB   56/77 KB   36/132 KB   44/113 KB   112/147 KB   7/7 KB   56/77 KB   40/132 KB   44/113 KB   112/147 KB   7/7 KB   60/77 KB   40/132 KB   44/113 KB   112/147 KB   7/7 KB   60/77 KB   40/132 KB   48/113 KB   112/147 KB   7/7 KB   60/77 KB   44/132 KB   48/113 KB   112/147 KB   7/7 KB   64/77 KB   44/132 KB   48/113 KB   112/147 KB   7/7 KB   64/77 KB   48/132 KB   48/113 KB   112/147 KB   7/7 KB   68/77 KB   48/132 KB   48/113 KB   112/147 KB   7/7 KB   72/77 KB   48/132 KB   48/113 KB   112/147 KB   7/7 KB   76/77 KB   48/132 KB   48/113 KB   112/147 KB   7/7 KB   77/77 KB   48/132 KB   48/113 KB   112/147 KB   7/7 KB   77/77 KB   48/132 KB   52/113 KB   112/147 KB   7/7 KB   77/77 KB   52/132 KB   52/113 KB   112/147 KB   7/7 KB   77/77 KB   52/132 KB   56/113 KB   112/147 KB   7/7 KB   77/77 KB   56/132 KB   56/113 KB   112/147 KB   7/7 KB   77/77 KB   56/132 KB   60/113 KB   112/147 KB   7/7 KB   77/77 KB   60/132 KB   60/113 KB   112/147 KB   7/7 KB   77/77 KB   64/132 KB   60/113 KB   112/147 KB   7/7 KB   77/77 KB   64/132 KB   64/113 KB   112/147 KB   7/7 KB   77/77 KB   68/132 KB   64/113 KB   112/147 KB   7/7 KB   77/77 KB   72/132 KB   64/113 KB   112/147 KB   7/7 KB   77/77 KB   76/132 KB   64/113 KB   112/147 KB   7/7 KB   77/77 KB   80/132 KB   64/113 KB   112/147 KB   7/7 KB   77/77 KB   80/132 KB   68/113 KB   112/147 KB   7/7 KB   77/77 KB   80/132 KB   72/113 KB   112/147 KB   7/7 KB   77/77 KB   80/132 KB   76/113 KB   112/147 KB   7/7 KB   77/77 KB   80/132 KB   80/113 KB   112/147 KB   7/7 KB   77/77 KB   80/132 KB   84/113 KB   112/147 KB   7/7 KB   77/77 KB   80/132 KB   88/113 KB   112/147 KB   7/7 KB   77/77 KB   80/132 KB   92/113 KB   112/147 KB   7/7 KB   77/77 KB   80/132 KB   96/113 KB   112/147 KB   7/7 KB   77/77 KB   84/132 KB   96/113 KB   112/147 KB   7/7 KB   77/77 KB   88/132 KB   96/113 KB   112/147 KB   7/7 KB   77/77 KB   88/132 KB   96/113 KB   116/147 KB   7/7 KB   77/77 KB   92/132 KB   96/113 KB   116/147 KB   7/7 KB   77/77 KB   92/132 KB   96/113 KB   120/147 KB   7/7 KB   77/77 KB   96/132 KB   96/113 KB   120/147 KB   7/7 KB   77/77 KB   96/132 KB   96/113 KB   124/147 KB   7/7 KB   77/77 KB   96/132 KB   96/113 KB   128/147 KB   7/7 KB   77/77 KB   100/132 KB   96/113 KB   128/147 KB   7/7 KB   77/77 KB   104/132 KB   96/113 KB   128/147 KB   7/7 KB   77/77 KB   104/132 KB   96/113 KB   132/147 KB   7/7 KB   77/77 KB   108/132 KB   96/113 KB   132/147 KB   7/7 KB   77/77 KB   108/132 KB   96/113 KB   136/147 KB   7/7 KB   77/77 KB   112/132 KB   96/113 KB   136/147 KB   7/7 KB   77/77 KB   112/132 KB   96/113 KB   140/147 KB   7/7 KB   77/77 KB   112/132 KB   96/113 KB   144/147 KB   7/7 KB   77/77 KB   112/132 KB   96/113 KB   147/147 KB   7/7 KB   77/77 KB   116/132 KB   96/113 KB   147/147 KB   7/7 KB   77/77 KB   120/132 KB   96/113 KB   147/147 KB   7/7 KB   77/77 KB   124/132 KB   96/113 KB   147/147 KB   7/7 KB   77/77 KB   128/132 KB   96/113 KB   147/147 KB   7/7 KB   77/77 KB   128/132 KB   100/113 KB   147/147 KB   7/7 KB   77/77 KB   128/132 KB   104/113 KB   147/147 KB   7/7 KB   77/77 KB   132/132 KB   104/113 KB   147/147 KB   7/7 KB   77/77 KB   132/132 KB   108/113 KB   147/147 KB   7/7 KB   77/77 KB   132/132 KB   108/113 KB   147/147 KB   7/7 KB   77/77 KB   132/132 KB   112/113 KB   147/147 KB   7/7 KB   77/77 KB   132/132 KB   113/113 KB   147/147 KB   7/7 KB                                                              Downloaded: https://repo.maven.apache.org/maven2/org/opentest4j/opentest4j/1.1.1/opentest4j-1.1.1.jar (7 KB at 76.4 KB/sec)
Downloading: https://repo.maven.apache.org/maven2/org/codehaus/jackson/jackson-mapper-asl/1.5.0/jackson-mapper-asl-1.5.0.jar
                                                           Downloaded: https://repo.maven.apache.org/maven2/org/junit/platform/junit-platform-commons/1.3.1/junit-platform-commons-1.3.1.jar (77 KB at 817.6 KB/sec)
Downloading: https://repo.maven.apache.org/maven2/org/codehaus/jackson/jackson-core-asl/1.5.0/jackson-core-asl-1.5.0.jar
                                                           Downloaded: https://repo.maven.apache.org/maven2/org/junit/jupiter/junit-jupiter-api/5.3.1/junit-jupiter-api-5.3.1.jar (113 KB at 1133.5 KB/sec)
                                                           Downloaded: https://repo.maven.apache.org/maven2/org/junit/platform/junit-platform-engine/1.3.1/junit-platform-engine-1.3.1.jar (132 KB at 1305.4 KB/sec)
4/473 KB   147/147 KB                                      8/473 KB   147/147 KB   12/473 KB   147/147 KB   16/473 KB   147/147 KB   16/473 KB   4/168 KB   147/147 KB   16/473 KB   8/168 KB   147/147 KB   16/473 KB   12/168 KB   147/147 KB   16/473 KB   16/168 KB   147/147 KB   16/473 KB   20/168 KB   147/147 KB   16/473 KB   24/168 KB   147/147 KB   16/473 KB   28/168 KB   147/147 KB   16/473 KB   32/168 KB   147/147 KB   20/473 KB   32/168 KB   147/147 KB   24/473 KB   32/168 KB   147/147 KB   28/473 KB   32/168 KB   147/147 KB   32/473 KB   32/168 KB   147/147 KB   32/473 KB   36/168 KB   147/147 KB   32/473 KB   40/168 KB   147/147 KB   32/473 KB   44/168 KB   147/147 KB   32/473 KB   48/168 KB   147/147 KB   36/473 KB   48/168 KB   147/147 KB   40/473 KB   48/168 KB   147/147 KB   44/473 KB   48/168 KB   147/147 KB   48/473 KB   48/168 KB   147/147 KB   52/473 KB   48/168 KB   147/147 KB   56/473 KB   48/168 KB   147/147 KB   60/473 KB   48/168 KB   147/147 KB   61/473 KB   48/168 KB   147/147 KB   61/473 KB   52/168 KB   147/147 KB   61/473 KB   56/168 KB   147/147 KB   61/473 KB   60/168 KB   147/147 KB   61/473 KB   64/168 KB   147/147 KB   65/473 KB   64/168 KB   147/147 KB   69/473 KB   64/168 KB   147/147 KB   73/473 KB   64/168 KB   147/147 KB   77/473 KB   64/168 KB   147/147 KB   77/473 KB   68/168 KB   147/147 KB   77/473 KB   72/168 KB   147/147 KB   77/473 KB   76/168 KB   147/147 KB   77/473 KB   80/168 KB   147/147 KB   81/473 KB   80/168 KB   147/147 KB   85/473 KB   80/168 KB   147/147 KB   89/473 KB   80/168 KB   147/147 KB   93/473 KB   80/168 KB   147/147 KB   93/473 KB   84/168 KB   147/147 KB   93/473 KB   88/168 KB   147/147 KB   93/473 KB   92/168 KB   147/147 KB   93/473 KB   96/168 KB   147/147 KB   97/473 KB   96/168 KB   147/147 KB   101/473 KB   96/168 KB   147/147 KB   105/473 KB   96/168 KB   147/147 KB   109/473 KB   96/168 KB   147/147 KB   113/473 KB   96/168 KB   147/147 KB   117/473 KB   96/168 KB   147/147 KB   121/473 KB   96/168 KB   147/147 KB   125/473 KB   96/168 KB   147/147 KB   125/473 KB   100/168 KB   147/147 KB   125/473 KB   104/168 KB   147/147 KB   125/473 KB   108/168 KB   147/147 KB   125/473 KB   112/168 KB   147/147 KB   129/473 KB   112/168 KB   147/147 KB   133/473 KB   112/168 KB   147/147 KB   137/473 KB   112/168 KB   147/147 KB   141/473 KB   112/168 KB   147/147 KB   141/473 KB   116/168 KB   147/147 KB   141/473 KB   120/168 KB   147/147 KB   141/473 KB   124/168 KB   147/147 KB   141/473 KB   128/168 KB   147/147 KB                                          Downloaded: https://repo.maven.apache.org/maven2/org/junit/jupiter/junit-jupiter-engine/5.3.1/junit-jupiter-engine-5.3.1.jar (147 KB at 1189.4 KB/sec)
145/473 KB   128/168 KB                149/473 KB   128/168 KB   153/473 KB   128/168 KB   157/473 KB   128/168 KB   157/473 KB   132/168 KB   157/473 KB   136/168 KB   157/473 KB   140/168 KB   157/473 KB   144/168 KB   157/473 KB   148/168 KB   157/473 KB   152/168 KB   157/473 KB   156/168 KB   157/473 KB   160/168 KB   161/473 KB   160/168 KB   165/473 KB   160/168 KB   169/473 KB   160/168 KB   173/473 KB   160/168 KB   173/473 KB   164/168 KB   173/473 KB   168/168 KB   173/473 KB   168/168 KB   177/473 KB   168/168 KB   181/473 KB   168/168 KB   185/473 KB   168/168 KB   189/473 KB   168/168 KB   193/473 KB   168/168 KB   197/473 KB   168/168 KB   201/473 KB   168/168 KB   205/473 KB   168/168 KB   209/473 KB   168/168 KB   213/473 KB   168/168 KB   217/473 KB   168/168 KB   221/473 KB   168/168 KB   225/473 KB   168/168 KB   229/473 KB   168/168 KB   233/473 KB   168/168 KB   237/473 KB   168/168 KB   241/473 KB   168/168 KB   245/473 KB   168/168 KB   249/473 KB   168/168 KB   253/473 KB   168/168 KB   257/473 KB   168/168 KB   261/473 KB   168/168 KB   265/473 KB   168/168 KB   269/473 KB   168/168 KB   273/473 KB   168/168 KB   277/473 KB   168/168 KB   281/473 KB   168/168 KB   285/473 KB   168/168 KB   289/473 KB   168/168 KB   293/473 KB   168/168 KB   297/473 KB   168/168 KB   301/473 KB   168/168 KB   305/473 KB   168/168 KB   309/473 KB   168/168 KB   313/473 KB   168/168 KB   317/473 KB   168/168 KB   321/473 KB   168/168 KB   325/473 KB   168/168 KB   329/473 KB   168/168 KB   333/473 KB   168/168 KB   337/473 KB   168/168 KB   341/473 KB   168/168 KB   345/473 KB   168/168 KB   349/473 KB   168/168 KB   353/473 KB   168/168 KB   357/473 KB   168/168 KB   361/473 KB   168/168 KB   365/473 KB   168/168 KB   369/473 KB   168/168 KB   373/473 KB   168/168 KB   377/473 KB   168/168 KB   381/473 KB   168/168 KB   385/473 KB   168/168 KB   389/473 KB   168/168 KB   393/473 KB   168/168 KB   397/473 KB   168/168 KB   401/473 KB   168/168 KB   405/473 KB   168/168 KB   409/473 KB   168/168 KB   413/473 KB   168/168 KB   417/473 KB   168/168 KB   421/473 KB   168/168 KB   425/473 KB   168/168 KB   429/473 KB   168/168 KB   433/473 KB   168/168 KB   437/473 KB   168/168 KB   441/473 KB   168/168 KB   445/473 KB   168/168 KB   449/473 KB   168/168 KB   453/473 KB   168/168 KB   457/473 KB   168/168 KB   461/473 KB   168/168 KB   465/473 KB   168/168 KB   469/473 KB   168/168 KB   473/473 KB   168/168 KB                             Downloaded: https://repo.maven.apache.org/maven2/org/codehaus/jackson/jackson-core-asl/1.5.0/jackson-core-asl-1.5.0.jar (168 KB at 1764.1 KB/sec)
                          Downloaded: https://repo.maven.apache.org/maven2/org/codehaus/jackson/jackson-mapper-asl/1.5.0/jackson-mapper-asl-1.5.0.jar (473 KB at 4457.3 KB/sec)
[INFO] 
[INFO] --- maven-resources-plugin:2.5:resources (default-resources) @ Maze ---
[debug] execute contextualize
[WARNING] Using platform encoding (UTF-8 actually) to copy filtered resources, i.e. build is platform dependent!
[INFO] skip non existing resourceDirectory /course/cs4500f22/ta/github/akshayd2020-nselvitelli/Maze/src/main/resources
[INFO] 
[INFO] --- maven-compiler-plugin:2.3.2:compile (default-compile) @ Maze ---
[WARNING] File encoding has not been set, using platform encoding UTF-8, i.e. build is platform dependent!
[INFO] Compiling 17 source files to /course/cs4500f22/ta/github/akshayd2020-nselvitelli/Maze/target/classes
[INFO] 
[INFO] --- maven-resources-plugin:2.5:testResources (default-testResources) @ Maze ---
[debug] execute contextualize
[WARNING] Using platform encoding (UTF-8 actually) to copy filtered resources, i.e. build is platform dependent!
[INFO] skip non existing resourceDirectory /course/cs4500f22/ta/github/akshayd2020-nselvitelli/Maze/src/test/resources
[INFO] 
[INFO] --- maven-compiler-plugin:2.3.2:testCompile (default-testCompile) @ Maze ---
[WARNING] File encoding has not been set, using platform encoding UTF-8, i.e. build is platform dependent!
[INFO] Compiling 7 source files to /course/cs4500f22/ta/github/akshayd2020-nselvitelli/Maze/target/test-classes
[INFO] 
[INFO] --- maven-surefire-plugin:2.22.0:test (default-test) @ Maze ---
Downloading: https://repo.maven.apache.org/maven2/org/apache/maven/surefire/maven-surefire-common/2.22.0/maven-surefire-common-2.22.0.pom
4/12 KB                   8/12 KB   12/12 KB              Downloaded: https://repo.maven.apache.org/maven2/org/apache/maven/surefire/maven-surefire-common/2.22.0/maven-surefire-common-2.22.0.pom (12 KB at 443.8 KB/sec)
Downloading: https://repo.maven.apache.org/maven2/org/apache/maven/surefire/surefire-api/2.22.0/surefire-api-2.22.0.pom
4/4 KB              Downloaded: https://repo.maven.apache.org/maven2/org/apache/maven/surefire/surefire-api/2.22.0/surefire-api-2.22.0.pom (4 KB at 172.9 KB/sec)
Downloading: https://repo.maven.apache.org/maven2/org/apache/maven/surefire/surefire-logger-api/2.22.0/surefire-logger-api-2.22.0.pom
2/2 KB            Downloaded: https://repo.maven.apache.org/maven2/org/apache/maven/surefire/surefire-logger-api/2.22.0/surefire-logger-api-2.22.0.pom (2 KB at 91.1 KB/sec)
Downloading: https://repo.maven.apache.org/maven2/org/apache/maven/surefire/surefire-booter/2.22.0/surefire-booter-2.22.0.pom
4/8 KB   8/8 KB            Downloaded: https://repo.maven.apache.org/maven2/org/apache/maven/surefire/surefire-booter/2.22.0/surefire-booter-2.22.0.pom (8 KB at 342.4 KB/sec)
Downloading: https://repo.maven.apache.org/maven2/org/codehaus/plexus/plexus-java/0.9.8/plexus-java-0.9.8.pom
3/3 KB            Downloaded: https://repo.maven.apache.org/maven2/org/codehaus/plexus/plexus-java/0.9.8/plexus-java-0.9.8.pom (3 KB at 69.6 KB/sec)
Downloading: https://repo.maven.apache.org/maven2/org/codehaus/plexus/plexus-languages/0.9.8/plexus-languages-0.9.8.pom
3/3 KB            Downloaded: https://repo.maven.apache.org/maven2/org/codehaus/plexus/plexus-languages/0.9.8/plexus-languages-0.9.8.pom (3 KB at 63.2 KB/sec)
Downloading: https://repo.maven.apache.org/maven2/org/ow2/asm/asm/6.1.1/asm-6.1.1.pom
3/3 KB            Downloaded: https://repo.maven.apache.org/maven2/org/ow2/asm/asm/6.1.1/asm-6.1.1.pom (3 KB at 84.4 KB/sec)
Downloading: https://repo.maven.apache.org/maven2/org/apache/maven/surefire/maven-surefire-common/2.22.0/maven-surefire-common-2.22.0.jar
Downloading: https://repo.maven.apache.org/maven2/org/apache/maven/surefire/surefire-api/2.22.0/surefire-api-2.22.0.jar
Downloading: https://repo.maven.apache.org/maven2/org/apache/maven/surefire/surefire-logger-api/2.22.0/surefire-logger-api-2.22.0.jar
Downloading: https://repo.maven.apache.org/maven2/org/apache/maven/surefire/surefire-booter/2.22.0/surefire-booter-2.22.0.jar
Downloading: https://repo.maven.apache.org/maven2/org/codehaus/plexus/plexus-java/0.9.8/plexus-java-0.9.8.jar
4/14 KB   8/14 KB   12/14 KB   14/14 KB   4/512 KB   14/14 KB   4/35 KB   4/512 KB   14/14 KB   4/35 KB   4/512 KB   4/182 KB   14/14 KB   4/268 KB   4/35 KB   4/512 KB   4/182 KB   14/14 KB   4/268 KB   4/35 KB   8/512 KB   4/182 KB   14/14 KB   4/268 KB   4/35 KB   12/512 KB   4/182 KB   14/14 KB   4/268 KB   4/35 KB   16/512 KB   4/182 KB   14/14 KB   4/268 KB   4/35 KB   16/512 KB   8/182 KB   14/14 KB   4/268 KB   4/35 KB   16/512 KB   12/182 KB   14/14 KB   4/268 KB   8/35 KB   16/512 KB   12/182 KB   14/14 KB   4/268 KB   8/35 KB   16/512 KB   16/182 KB   14/14 KB   4/268 KB   12/35 KB   16/512 KB   16/182 KB   14/14 KB   4/268 KB   16/35 KB   16/512 KB   16/182 KB   14/14 KB   4/268 KB   16/35 KB   16/512 KB   20/182 KB   14/14 KB   4/268 KB   16/35 KB   16/512 KB   24/182 KB   14/14 KB   4/268 KB   16/35 KB   16/512 KB   28/182 KB   14/14 KB   4/268 KB   16/35 KB   16/512 KB   32/182 KB   14/14 KB   8/268 KB   16/35 KB   16/512 KB   32/182 KB   14/14 KB   12/268 KB   16/35 KB   16/512 KB   32/182 KB   14/14 KB   16/268 KB   16/35 KB   16/512 KB   32/182 KB   14/14 KB   16/268 KB   16/35 KB   16/512 KB   36/182 KB   14/14 KB   20/268 KB   16/35 KB   16/512 KB   36/182 KB   14/14 KB   20/268 KB   16/35 KB   16/512 KB   40/182 KB   14/14 KB   24/268 KB   16/35 KB   16/512 KB   40/182 KB   14/14 KB   24/268 KB   16/35 KB   16/512 KB   44/182 KB   14/14 KB   28/268 KB   16/35 KB   16/512 KB   48/182 KB   14/14 KB   28/268 KB   16/35 KB   16/512 KB   44/182 KB   14/14 KB   32/268 KB   16/35 KB   16/512 KB   48/182 KB   14/14 KB   32/268 KB   16/35 KB   20/512 KB   48/182 KB   14/14 KB   32/268 KB   16/35 KB   24/512 KB   48/182 KB   14/14 KB   32/268 KB   16/35 KB   28/512 KB   48/182 KB   14/14 KB   32/268 KB   16/35 KB   32/512 KB   48/182 KB   14/14 KB   32/268 KB   20/35 KB   32/512 KB   48/182 KB   14/14 KB   32/268 KB   24/35 KB   32/512 KB   48/182 KB   14/14 KB   32/268 KB   28/35 KB   32/512 KB   48/182 KB   14/14 KB   32/268 KB   32/35 KB   32/512 KB   48/182 KB   14/14 KB   32/268 KB   35/35 KB   32/512 KB   48/182 KB   14/14 KB   36/268 KB   35/35 KB   32/512 KB   48/182 KB   14/14 KB   40/268 KB   35/35 KB   32/512 KB   48/182 KB   14/14 KB   44/268 KB   35/35 KB   32/512 KB   48/182 KB   14/14 KB   48/268 KB   35/35 KB   32/512 KB   48/182 KB   14/14 KB   48/268 KB   35/35 KB   32/512 KB   52/182 KB   14/14 KB   48/268 KB   35/35 KB   32/512 KB   56/182 KB   14/14 KB   48/268 KB   35/35 KB   32/512 KB   60/182 KB   14/14 KB   48/268 KB   35/35 KB   32/512 KB   64/182 KB   14/14 KB   48/268 KB   35/35 KB   36/512 KB   64/182 KB   14/14 KB   48/268 KB   35/35 KB   40/512 KB   64/182 KB   14/14 KB   48/268 KB   35/35 KB   44/512 KB   64/182 KB   14/14 KB   48/268 KB   35/35 KB   48/512 KB   64/182 KB   14/14 KB   52/268 KB   35/35 KB   48/512 KB   64/182 KB   14/14 KB   56/268 KB   35/35 KB   48/512 KB   64/182 KB   14/14 KB   60/268 KB   35/35 KB   48/512 KB   64/182 KB   14/14 KB   64/268 KB   35/35 KB   48/512 KB   64/182 KB   14/14 KB   64/268 KB   35/35 KB   48/512 KB   68/182 KB   14/14 KB   64/268 KB   35/35 KB   48/512 KB   72/182 KB   14/14 KB   64/268 KB   35/35 KB   48/512 KB   76/182 KB   14/14 KB   64/268 KB   35/35 KB   48/512 KB   80/182 KB   14/14 KB   64/268 KB   35/35 KB   52/512 KB   80/182 KB   14/14 KB   64/268 KB   35/35 KB   56/512 KB   80/182 KB   14/14 KB   64/268 KB   35/35 KB   60/512 KB   80/182 KB   14/14 KB                                                             64/268 KB   35/35 KB   64/512 KB   80/182 KB              Downloaded: https://repo.maven.apache.org/maven2/org/apache/maven/surefire/surefire-logger-api/2.22.0/surefire-logger-api-2.22.0.jar (14 KB at 501.5 KB/sec)
Downloading: https://repo.maven.apache.org/maven2/org/ow2/asm/asm/6.1.1/asm-6.1.1.jar
68/268 KB   35/35 KB   64/512 KB   80/182 KB   72/268 KB   35/35 KB   64/512 KB   80/182 KB   76/268 KB   35/35 KB   64/512 KB   80/182 KB   80/268 KB   35/35 KB   64/512 KB   80/182 KB   80/268 KB   35/35 KB   64/512 KB   84/182 KB   80/268 KB   35/35 KB   64/512 KB   88/182 KB   80/268 KB   35/35 KB   64/512 KB   92/182 KB   80/268 KB   35/35 KB   64/512 KB   96/182 KB   80/268 KB   35/35 KB   68/512 KB   96/182 KB   80/268 KB   35/35 KB   72/512 KB   96/182 KB   80/268 KB   35/35 KB   76/512 KB   96/182 KB   80/268 KB   35/35 KB   80/512 KB   96/182 KB   84/268 KB   35/35 KB   80/512 KB   96/182 KB   88/268 KB   35/35 KB   80/512 KB   96/182 KB   92/268 KB   35/35 KB   80/512 KB   96/182 KB   96/268 KB   35/35 KB   80/512 KB   96/182 KB   96/268 KB   35/35 KB   80/512 KB   100/182 KB   96/268 KB   35/35 KB   80/512 KB   104/182 KB   96/268 KB   35/35 KB   80/512 KB   108/182 KB   96/268 KB   35/35 KB   80/512 KB   112/182 KB   96/268 KB   35/35 KB   84/512 KB   112/182 KB   96/268 KB   35/35 KB   88/512 KB   112/182 KB   96/268 KB   35/35 KB   92/512 KB   112/182 KB   96/268 KB   35/35 KB   96/512 KB   112/182 KB   100/268 KB   35/35 KB   96/512 KB   112/182 KB   104/268 KB   35/35 KB   96/512 KB   112/182 KB   108/268 KB   35/35 KB   96/512 KB   112/182 KB   112/268 KB   35/35 KB   96/512 KB   112/182 KB                                                    Downloaded: https://repo.maven.apache.org/maven2/org/codehaus/plexus/plexus-java/0.9.8/plexus-java-0.9.8.jar (35 KB at 1005.3 KB/sec)
112/268 KB   96/512 KB   116/182 KB              112/268 KB   96/512 KB   120/182 KB   112/268 KB   96/512 KB   124/182 KB   112/268 KB   96/512 KB   128/182 KB   112/268 KB   100/512 KB   128/182 KB   112/268 KB   104/512 KB   128/182 KB   112/268 KB   108/512 KB   128/182 KB   112/268 KB   112/512 KB   128/182 KB   112/268 KB   112/512 KB   132/182 KB   116/268 KB   112/512 KB   132/182 KB   116/268 KB   112/512 KB   136/182 KB   120/268 KB   112/512 KB   136/182 KB   120/268 KB   112/512 KB   140/182 KB   124/268 KB   112/512 KB   140/182 KB   124/268 KB   112/512 KB   144/182 KB   128/268 KB   112/512 KB   144/182 KB   128/268 KB   116/512 KB   144/182 KB   128/268 KB   120/512 KB   144/182 KB   128/268 KB   124/512 KB   144/182 KB   128/268 KB   128/512 KB   144/182 KB   128/268 KB   128/512 KB   148/182 KB   132/268 KB   128/512 KB   148/182 KB   132/268 KB   128/512 KB   152/182 KB   136/268 KB   128/512 KB   152/182 KB   136/268 KB   128/512 KB   156/182 KB   140/268 KB   128/512 KB   156/182 KB   140/268 KB   128/512 KB   160/182 KB   144/268 KB   128/512 KB   160/182 KB   144/268 KB   132/512 KB   160/182 KB   144/268 KB   136/512 KB   160/182 KB   144/268 KB   140/512 KB   160/182 KB   144/268 KB   144/512 KB   160/182 KB   148/268 KB   144/512 KB   160/182 KB   148/268 KB   144/512 KB   164/182 KB   152/268 KB   144/512 KB   164/182 KB   152/268 KB   144/512 KB   168/182 KB   156/268 KB   144/512 KB   168/182 KB   156/268 KB   144/512 KB   172/182 KB   160/268 KB   144/512 KB   172/182 KB   160/268 KB   144/512 KB   176/182 KB   160/268 KB   144/512 KB   180/182 KB   160/268 KB   144/512 KB   182/182 KB   160/268 KB   148/512 KB   182/182 KB   160/268 KB   152/512 KB   182/182 KB   160/268 KB   156/512 KB   182/182 KB   160/268 KB   160/512 KB   182/182 KB   164/268 KB   160/512 KB   182/182 KB   168/268 KB   160/512 KB   182/182 KB   172/268 KB   160/512 KB   182/182 KB   176/268 KB   160/512 KB   182/182 KB   176/268 KB   164/512 KB   182/182 KB   176/268 KB   168/512 KB   182/182 KB   176/268 KB   172/512 KB   182/182 KB   176/268 KB   176/512 KB   182/182 KB   180/268 KB   176/512 KB   182/182 KB   184/268 KB   176/512 KB   182/182 KB   188/268 KB   176/512 KB   182/182 KB   192/268 KB   176/512 KB   182/182 KB   192/268 KB   180/512 KB   182/182 KB   192/268 KB   184/512 KB   182/182 KB   192/268 KB   188/512 KB   182/182 KB   192/268 KB   192/512 KB   182/182 KB   196/268 KB   192/512 KB   182/182 KB   200/268 KB   192/512 KB   182/182 KB   204/268 KB   192/512 KB   182/182 KB   208/268 KB   192/512 KB   182/182 KB   208/268 KB   196/512 KB   182/182 KB   208/268 KB   4/106 KB   196/512 KB   182/182 KB   208/268 KB   4/106 KB   200/512 KB   182/182 KB   208/268 KB   4/106 KB   204/512 KB   182/182 KB   208/268 KB   4/106 KB   208/512 KB   182/182 KB   208/268 KB   8/106 KB   208/512 KB   182/182 KB   208/268 KB   12/106 KB   208/512 KB   182/182 KB   208/268 KB   16/106 KB   208/512 KB   182/182 KB   212/268 KB   16/106 KB   208/512 KB   182/182 KB   216/268 KB   16/106 KB   208/512 KB   182/182 KB   220/268 KB   16/106 KB   208/512 KB   182/182 KB   224/268 KB   16/106 KB   208/512 KB   182/182 KB   224/268 KB   20/106 KB   208/512 KB   182/182 KB   224/268 KB   24/106 KB   208/512 KB   182/182 KB   224/268 KB   28/106 KB   208/512 KB   182/182 KB   224/268 KB   28/106 KB   212/512 KB   182/182 KB   224/268 KB   32/106 KB   212/512 KB   182/182 KB   224/268 KB   32/106 KB   216/512 KB   182/182 KB   224/268 KB   32/106 KB   220/512 KB   182/182 KB   224/268 KB   32/106 KB   224/512 KB   182/182 KB   228/268 KB   32/106 KB   224/512 KB   182/182 KB   232/268 KB   32/106 KB   224/512 KB   182/182 KB   236/268 KB   32/106 KB   224/512 KB   182/182 KB   240/268 KB   32/106 KB   224/512 KB   182/182 KB   240/268 KB   36/106 KB   224/512 KB   182/182 KB   240/268 KB   36/106 KB   228/512 KB   182/182 KB   240/268 KB   40/106 KB   228/512 KB   182/182 KB   240/268 KB   40/106 KB   232/512 KB   182/182 KB   240/268 KB   44/106 KB   232/512 KB   182/182 KB   240/268 KB   44/106 KB   236/512 KB   182/182 KB   240/268 KB   48/106 KB   236/512 KB   182/182 KB   240/268 KB   48/106 KB   240/512 KB   182/182 KB   244/268 KB   48/106 KB   240/512 KB   182/182 KB   248/268 KB   48/106 KB   240/512 KB   182/182 KB   252/268 KB   48/106 KB   240/512 KB   182/182 KB   256/268 KB   48/106 KB   240/512 KB   182/182 KB   256/268 KB   48/106 KB   244/512 KB   182/182 KB   256/268 KB   48/106 KB   248/512 KB   182/182 KB   256/268 KB   48/106 KB   250/512 KB   182/182 KB   260/268 KB   48/106 KB   250/512 KB   182/182 KB   264/268 KB   48/106 KB   250/512 KB   182/182 KB   268/268 KB   48/106 KB   250/512 KB   182/182 KB   268/268 KB   52/106 KB   250/512 KB   182/182 KB   268/268 KB   56/106 KB   250/512 KB   182/182 KB   268/268 KB   60/106 KB   250/512 KB   182/182 KB   268/268 KB   64/106 KB   250/512 KB   182/182 KB   268/268 KB   64/106 KB   254/512 KB   182/182 KB   268/268 KB   64/106 KB   258/512 KB   182/182 KB   268/268 KB   64/106 KB   262/512 KB   182/182 KB   268/268 KB   64/106 KB   266/512 KB   182/182 KB   268/268 KB   68/106 KB   266/512 KB   182/182 KB   268/268 KB   72/106 KB   266/512 KB   182/182 KB   268/268 KB   76/106 KB   266/512 KB   182/182 KB   268/268 KB   80/106 KB   266/512 KB   182/182 KB   268/268 KB   80/106 KB   270/512 KB   182/182 KB   268/268 KB   80/106 KB   274/512 KB   182/182 KB   268/268 KB   80/106 KB   278/512 KB   182/182 KB   268/268 KB   80/106 KB   282/512 KB   182/182 KB   268/268 KB   84/106 KB   282/512 KB   182/182 KB   268/268 KB   88/106 KB   282/512 KB   182/182 KB   268/268 KB   92/106 KB   282/512 KB   182/182 KB   268/268 KB   96/106 KB   282/512 KB   182/182 KB   268/268 KB   100/106 KB   282/512 KB   182/182 KB   268/268 KB   104/106 KB   282/512 KB   182/182 KB   268/268 KB   106/106 KB   282/512 KB   182/182 KB   268/268 KB   106/106 KB   286/512 KB   182/182 KB   268/268 KB   106/106 KB   290/512 KB   182/182 KB   268/268 KB   106/106 KB   294/512 KB   182/182 KB   268/268 KB   106/106 KB   298/512 KB   182/182 KB   268/268 KB   106/106 KB   302/512 KB   182/182 KB   268/268 KB   106/106 KB   306/512 KB   182/182 KB   268/268 KB   106/106 KB   310/512 KB   182/182 KB   268/268 KB   106/106 KB   314/512 KB   182/182 KB   268/268 KB   106/106 KB   318/512 KB   182/182 KB   268/268 KB   106/106 KB   322/512 KB   182/182 KB   268/268 KB   106/106 KB   326/512 KB   182/182 KB   268/268 KB   106/106 KB   330/512 KB   182/182 KB   268/268 KB   106/106 KB   334/512 KB   182/182 KB   268/268 KB   106/106 KB   338/512 KB   182/182 KB   268/268 KB   106/106 KB   342/512 KB   182/182 KB   268/268 KB   106/106 KB   346/512 KB   182/182 KB   268/268 KB   106/106 KB   350/512 KB   182/182 KB   268/268 KB   106/106 KB   354/512 KB   182/182 KB   268/268 KB   106/106 KB   358/512 KB   182/182 KB   268/268 KB   106/106 KB   362/512 KB   182/182 KB   268/268 KB   106/106 KB   366/512 KB   182/182 KB   268/268 KB   106/106 KB   370/512 KB   182/182 KB   268/268 KB   106/106 KB   374/512 KB   182/182 KB   268/268 KB   106/106 KB   378/512 KB   182/182 KB   268/268 KB   106/106 KB   382/512 KB   182/182 KB   268/268 KB   106/106 KB   386/512 KB   182/182 KB   268/268 KB   106/106 KB   390/512 KB   182/182 KB   268/268 KB   106/106 KB   394/512 KB   182/182 KB   268/268 KB   106/106 KB   398/512 KB   182/182 KB   268/268 KB   106/106 KB   402/512 KB   182/182 KB   268/268 KB   106/106 KB   406/512 KB   182/182 KB   268/268 KB   106/106 KB   410/512 KB   182/182 KB   268/268 KB   106/106 KB   414/512 KB   182/182 KB   268/268 KB   106/106 KB   418/512 KB   182/182 KB   268/268 KB   106/106 KB   422/512 KB   182/182 KB   268/268 KB   106/106 KB   426/512 KB   182/182 KB   268/268 KB   106/106 KB   430/512 KB   182/182 KB   268/268 KB   106/106 KB   434/512 KB   182/182 KB   268/268 KB   106/106 KB   438/512 KB   182/182 KB   268/268 KB   106/106 KB   442/512 KB   182/182 KB   268/268 KB   106/106 KB   446/512 KB   182/182 KB   268/268 KB   106/106 KB   450/512 KB   182/182 KB   268/268 KB   106/106 KB   454/512 KB   182/182 KB   268/268 KB   106/106 KB   458/512 KB   182/182 KB   268/268 KB   106/106 KB   462/512 KB   182/182 KB   268/268 KB   106/106 KB   466/512 KB   182/182 KB   268/268 KB   106/106 KB   470/512 KB   182/182 KB   268/268 KB   106/106 KB   474/512 KB   182/182 KB   268/268 KB   106/106 KB   478/512 KB   182/182 KB   268/268 KB   106/106 KB   482/512 KB   182/182 KB   268/268 KB   106/106 KB   486/512 KB   182/182 KB   268/268 KB   106/106 KB   490/512 KB   182/182 KB   268/268 KB   106/106 KB   494/512 KB   182/182 KB   268/268 KB   106/106 KB   498/512 KB   182/182 KB   268/268 KB   106/106 KB   502/512 KB   182/182 KB   268/268 KB   106/106 KB   506/512 KB   182/182 KB   268/268 KB   106/106 KB   510/512 KB   182/182 KB   268/268 KB   106/106 KB   512/512 KB   182/182 KB                                                       Downloaded: https://repo.maven.apache.org/maven2/org/apache/maven/surefire/surefire-api/2.22.0/surefire-api-2.22.0.jar (182 KB at 1796.4 KB/sec)
                                                    Downloaded: https://repo.maven.apache.org/maven2/org/apache/maven/surefire/surefire-booter/2.22.0/surefire-booter-2.22.0.jar (268 KB at 1841.9 KB/sec)
                                                    Downloaded: https://repo.maven.apache.org/maven2/org/apache/maven/surefire/maven-surefire-common/2.22.0/maven-surefire-common-2.22.0.jar (512 KB at 3300.6 KB/sec)
                                                    Downloaded: https://repo.maven.apache.org/maven2/org/ow2/asm/asm/6.1.1/asm-6.1.1.jar (106 KB at 819.5 KB/sec)
Downloading: https://repo.maven.apache.org/maven2/org/apache/maven/surefire/surefire-junit-platform/2.22.0/surefire-junit-platform-2.22.0.pom
4/7 KB                                              7/7 KB            Downloaded: https://repo.maven.apache.org/maven2/org/apache/maven/surefire/surefire-junit-platform/2.22.0/surefire-junit-platform-2.22.0.pom (7 KB at 324.6 KB/sec)
Downloading: https://repo.maven.apache.org/maven2/org/apache/maven/surefire/surefire-providers/2.22.0/surefire-providers-2.22.0.pom
3/3 KB            Downloaded: https://repo.maven.apache.org/maven2/org/apache/maven/surefire/surefire-providers/2.22.0/surefire-providers-2.22.0.pom (3 KB at 101.2 KB/sec)
Downloading: https://repo.maven.apache.org/maven2/org/junit/platform/junit-platform-launcher/1.2.0/junit-platform-launcher-1.2.0.pom
3/3 KB            Downloaded: https://repo.maven.apache.org/maven2/org/junit/platform/junit-platform-launcher/1.2.0/junit-platform-launcher-1.2.0.pom (3 KB at 98.4 KB/sec)
Downloading: https://repo.maven.apache.org/maven2/org/junit/platform/junit-platform-engine/1.2.0/junit-platform-engine-1.2.0.pom
3/3 KB            Downloaded: https://repo.maven.apache.org/maven2/org/junit/platform/junit-platform-engine/1.2.0/junit-platform-engine-1.2.0.pom (3 KB at 97.4 KB/sec)
Downloading: https://repo.maven.apache.org/maven2/org/junit/platform/junit-platform-commons/1.2.0/junit-platform-commons-1.2.0.pom
2/2 KB            Downloaded: https://repo.maven.apache.org/maven2/org/junit/platform/junit-platform-commons/1.2.0/junit-platform-commons-1.2.0.pom (2 KB at 65.8 KB/sec)
Downloading: https://repo.maven.apache.org/maven2/org/opentest4j/opentest4j/1.1.0/opentest4j-1.1.0.pom
2/2 KB            Downloaded: https://repo.maven.apache.org/maven2/org/opentest4j/opentest4j/1.1.0/opentest4j-1.1.0.pom (2 KB at 68.5 KB/sec)
Downloading: https://repo.maven.apache.org/maven2/org/junit/platform/junit-platform-launcher/1.2.0/junit-platform-launcher-1.2.0.jar
Downloading: https://repo.maven.apache.org/maven2/org/junit/platform/junit-platform-commons/1.2.0/junit-platform-commons-1.2.0.jar
Downloading: https://repo.maven.apache.org/maven2/org/junit/platform/junit-platform-engine/1.2.0/junit-platform-engine-1.2.0.jar
Downloading: https://repo.maven.apache.org/maven2/org/apache/maven/surefire/surefire-junit-platform/2.22.0/surefire-junit-platform-2.22.0.jar
Downloading: https://repo.maven.apache.org/maven2/org/opentest4j/opentest4j/1.1.0/opentest4j-1.1.0.jar
4/79 KB   8/79 KB   12/79 KB   16/79 KB   20/79 KB   24/79 KB   28/79 KB   32/79 KB   32/79 KB   4/77 KB   36/79 KB   4/77 KB   36/79 KB   8/77 KB   40/79 KB   8/77 KB   40/79 KB   12/77 KB   44/79 KB   12/77 KB   48/79 KB   16/77 KB   44/79 KB   16/77 KB   48/79 KB   16/77 KB   4/65 KB   48/79 KB   16/77 KB   8/65 KB   48/79 KB   16/77 KB   12/65 KB   48/79 KB   16/77 KB   16/65 KB   52/79 KB   16/77 KB   16/65 KB   56/79 KB   16/77 KB   16/65 KB   60/79 KB   16/77 KB   16/65 KB   64/79 KB   16/77 KB   16/65 KB   64/79 KB   20/77 KB   16/65 KB   64/79 KB   24/77 KB   16/65 KB   64/79 KB   28/77 KB   16/65 KB   64/79 KB   32/77 KB   16/65 KB   4/88 KB   64/79 KB   32/77 KB   16/65 KB   4/88 KB   68/79 KB   32/77 KB   16/65 KB   4/88 KB   72/79 KB   32/77 KB   16/65 KB   4/88 KB   76/79 KB   32/77 KB   16/65 KB   4/88 KB   79/79 KB   32/77 KB   16/65 KB   8/88 KB   79/79 KB   32/77 KB   16/65 KB   12/88 KB   79/79 KB   32/77 KB   16/65 KB   16/88 KB   79/79 KB   32/77 KB   16/65 KB   16/88 KB   4/7 KB   79/79 KB   32/77 KB   16/65 KB   16/88 KB   4/7 KB   79/79 KB   32/77 KB   20/65 KB   16/88 KB   4/7 KB   79/79 KB   32/77 KB   24/65 KB   16/88 KB   4/7 KB   79/79 KB   32/77 KB   28/65 KB   16/88 KB   4/7 KB   79/79 KB   32/77 KB   32/65 KB   16/88 KB   7/7 KB   79/79 KB   32/77 KB   32/65 KB   20/88 KB   7/7 KB   79/79 KB   32/77 KB   32/65 KB   24/88 KB   7/7 KB   79/79 KB   32/77 KB   32/65 KB   28/88 KB   7/7 KB   79/79 KB   32/77 KB   32/65 KB   32/88 KB   7/7 KB   79/79 KB   32/77 KB   32/65 KB   32/88 KB   7/7 KB   79/79 KB   36/77 KB   32/65 KB   32/88 KB   7/7 KB   79/79 KB   40/77 KB   32/65 KB   32/88 KB   7/7 KB   79/79 KB   44/77 KB   32/65 KB   32/88 KB   7/7 KB   79/79 KB   48/77 KB   32/65 KB   32/88 KB   7/7 KB   79/79 KB   48/77 KB   36/65 KB   32/88 KB   7/7 KB   79/79 KB   48/77 KB   40/65 KB   32/88 KB   7/7 KB   79/79 KB   48/77 KB   44/65 KB   32/88 KB   7/7 KB   79/79 KB   48/77 KB   48/65 KB   32/88 KB   7/7 KB   79/79 KB   52/77 KB   48/65 KB   32/88 KB   7/7 KB   79/79 KB   56/77 KB   48/65 KB   32/88 KB   7/7 KB   79/79 KB   60/77 KB   48/65 KB   32/88 KB   7/7 KB   79/79 KB   64/77 KB   48/65 KB   36/88 KB   7/7 KB   79/79 KB   64/77 KB   48/65 KB   40/88 KB   7/7 KB   79/79 KB   64/77 KB   48/65 KB   44/88 KB   7/7 KB   79/79 KB   64/77 KB   48/65 KB   48/88 KB   7/7 KB   79/79 KB   64/77 KB   48/65 KB   48/88 KB   7/7 KB   79/79 KB   64/77 KB   52/65 KB   48/88 KB   7/7 KB   79/79 KB   64/77 KB   56/65 KB   48/88 KB   7/7 KB   79/79 KB   64/77 KB   60/65 KB   48/88 KB   7/7 KB   79/79 KB   64/77 KB   64/65 KB   48/88 KB   7/7 KB   79/79 KB   64/77 KB   65/65 KB   48/88 KB   7/7 KB   79/79 KB   68/77 KB   65/65 KB   48/88 KB   7/7 KB   79/79 KB   72/77 KB   65/65 KB   48/88 KB   7/7 KB   79/79 KB   76/77 KB   65/65 KB   48/88 KB   7/7 KB   79/79 KB   77/77 KB   65/65 KB   52/88 KB   7/7 KB   79/79 KB   77/77 KB   65/65 KB   56/88 KB   7/7 KB   79/79 KB   77/77 KB   65/65 KB   60/88 KB   7/7 KB   79/79 KB   77/77 KB   65/65 KB   64/88 KB   7/7 KB   79/79 KB   77/77 KB   65/65 KB   68/88 KB   7/7 KB   79/79 KB   77/77 KB   65/65 KB   72/88 KB   7/7 KB   79/79 KB   77/77 KB   65/65 KB   76/88 KB   7/7 KB   79/79 KB   77/77 KB   65/65 KB   80/88 KB   7/7 KB   79/79 KB   77/77 KB   65/65 KB   84/88 KB   7/7 KB   79/79 KB   77/77 KB   65/65 KB   88/88 KB   7/7 KB   79/79 KB   77/77 KB   65/65 KB                                                        Downloaded: https://repo.maven.apache.org/maven2/org/opentest4j/opentest4j/1.1.0/opentest4j-1.1.0.jar (7 KB at 175.2 KB/sec)
                                                     Downloaded: https://repo.maven.apache.org/maven2/org/junit/platform/junit-platform-launcher/1.2.0/junit-platform-launcher-1.2.0.jar (79 KB at 1820.7 KB/sec)
                                                     Downloaded: https://repo.maven.apache.org/maven2/org/apache/maven/surefire/surefire-junit-platform/2.22.0/surefire-junit-platform-2.22.0.jar (65 KB at 1399.1 KB/sec)
                                                     Downloaded: https://repo.maven.apache.org/maven2/org/junit/platform/junit-platform-commons/1.2.0/junit-platform-commons-1.2.0.jar (77 KB at 1499.2 KB/sec)
                                                     Downloaded: https://repo.maven.apache.org/maven2/org/junit/platform/junit-platform-engine/1.2.0/junit-platform-engine-1.2.0.jar (88 KB at 1722.2 KB/sec)
[INFO] 
[INFO] -------------------------------------------------------
[INFO]  T E S T S
[INFO] -------------------------------------------------------
[INFO] Running model.board.TestBasicTile
[INFO] Tests run: 4, Failures: 0, Errors: 0, Skipped: 0, Time elapsed: 0.023 s - in model.board.TestBasicTile
[INFO] Running model.board.TestDirection
[INFO] Tests run: 4, Failures: 0, Errors: 0, Skipped: 0, Time elapsed: 0 s - in model.board.TestDirection
[INFO] Running model.board.TestBoard7x7
[INFO] Tests run: 11, Failures: 0, Errors: 0, Skipped: 0, Time elapsed: 0.001 s - in model.board.TestBoard7x7
[INFO] Running model.state.TestPlayerData
[INFO] Tests run: 1, Failures: 0, Errors: 0, Skipped: 0, Time elapsed: 0.009 s - in model.state.TestPlayerData
[INFO] Running model.state.TestBasicTurnAction
[INFO] Tests run: 8, Failures: 0, Errors: 0, Skipped: 0, Time elapsed: 0.012 s - in model.state.TestBasicTurnAction
[INFO] Running model.state.TestMazeState
[INFO] Tests run: 8, Failures: 0, Errors: 0, Skipped: 0, Time elapsed: 0.008 s - in model.state.TestMazeState
[INFO] Running util.TestUtil
[INFO] Tests run: 1, Failures: 0, Errors: 0, Skipped: 0, Time elapsed: 0 s - in util.TestUtil
[INFO] 
[INFO] Results:
[INFO] 
[INFO] Tests run: 37, Failures: 0, Errors: 0, Skipped: 0
[INFO] 
[INFO] 
[INFO] --- maven-jar-plugin:2.3.2:jar (default-jar) @ Maze ---
[INFO] Building jar: /course/cs4500f22/ta/github/akshayd2020-nselvitelli/Maze/target/maven-unit-test.jar
[INFO] 
[INFO] --- maven-assembly-plugin:2.5.5:single (make-assembly) @ Maze ---
[INFO] Building jar: /course/cs4500f22/ta/github/akshayd2020-nselvitelli/Maze/target/maven-unit-test-jar-with-dependencies.jar
[INFO] ------------------------------------------------------------------------
[INFO] BUILD SUCCESS
[INFO] ------------------------------------------------------------------------
[INFO] Total time: 6.536s
[INFO] Finished at: Fri Oct 14 19:38:28 EDT 2022
[INFO] Final Memory: 17M/70M
[INFO] ------------------------------------------------------------------------
